-------------------------------------------------------------------------------
Test set: net.javaguides.springboot.ApplicationTests
-------------------------------------------------------------------------------
Tests run: 1, Failures: 0, Errors: 1, Skipped: 0, Time elapsed: 1.167 s <<< FAILURE! - in net.javaguides.springboot.ApplicationTests
initializationError(net.javaguides.springboot.ApplicationTests)  Time elapsed: 0.033 s  <<< ERROR!
java.lang.IllegalStateException: Unable to find a @SpringBootConfiguration, you need to use @ContextConfiguration or @SpringBootTest(classes=...) with your test

